<?xml version="1.0" encoding="UTF-8"?>
<!-- Generated by org.testng.reporters.JUnitXMLReporter -->
<testsuite ignored="0" hostname="LAPTOP-9O068DHJ" failures="1" tests="23" name="Test" time="27.139" errors="0" timestamp="2023-10-24T16:44:17 EDT">
  <testcase classname="com.restassured.apiendtoendtest.AppsLoveWorldAPITestScript" name="LoginAPITC2" time="2.282">
    <failure type="java.lang.AssertionError" message="1 expectation failed.
Response body doesn&amp;apos;t match expectation.
Expected: The content to match the given JSON schema.
error: instance type (null) does not match any allowed primitive type (allowed: [&amp;quot;object&amp;quot;])
    level: &amp;quot;error&amp;quot;
    schema: {&amp;quot;loadingURI&amp;quot;:&amp;quot;file:/C:/Ambuj_Study_QA/eNexusGlobal_WS/RestAssuredMarketingAPIFramework/target/test-classes/LoginSchema.json#&amp;quot;,&amp;quot;pointer&amp;quot;:&amp;quot;/properties/data&amp;quot;}
    instance: {&amp;quot;pointer&amp;quot;:&amp;quot;/data&amp;quot;}
    domain: &amp;quot;validation&amp;quot;
    keyword: &amp;quot;type&amp;quot;
    found: &amp;quot;null&amp;quot;
    expected: [&amp;quot;object&amp;quot;]

  Actual: {&amp;quot;code&amp;quot;:1,&amp;quot;message&amp;quot;:&amp;quot;invalid username or password&amp;quot;,&amp;quot;data&amp;quot;:null}
">
      <![CDATA[java.lang.AssertionError: 1 expectation failed.
Response body doesn't match expectation.
Expected: The content to match the given JSON schema.
error: instance type (null) does not match any allowed primitive type (allowed: ["object"])
    level: "error"
    schema: {"loadingURI":"file:/C:/Ambuj_Study_QA/eNexusGlobal_WS/RestAssuredMarketingAPIFramework/target/test-classes/LoginSchema.json#","pointer":"/properties/data"}
    instance: {"pointer":"/data"}
    domain: "validation"
    keyword: "type"
    found: "null"
    expected: ["object"]

  Actual: {"code":1,"message":"invalid username or password","data":null}

at org.codehaus.groovy.runtime.callsite.ConstructorSite$ConstructorSiteNoUnwrap.callConstructor(ConstructorSite.java:84)
at org.codehaus.groovy.runtime.callsite.CallSiteArray.defaultCallConstructor(CallSiteArray.java:59)
at org.codehaus.groovy.runtime.callsite.AbstractCallSite.callConstructor(AbstractCallSite.java:263)
at org.codehaus.groovy.runtime.callsite.AbstractCallSite.callConstructor(AbstractCallSite.java:277)
at io.restassured.internal.ResponseSpecificationImpl$HamcrestAssertionClosure.validate(ResponseSpecificationImpl.groovy:499)
at io.restassured.internal.ResponseSpecificationImpl$HamcrestAssertionClosure$validate$1.call(Unknown Source)
at io.restassured.internal.ResponseSpecificationImpl.validateResponseIfRequired(ResponseSpecificationImpl.groovy:684)
at org.codehaus.groovy.runtime.callsite.PlainObjectMetaMethodSite.doInvoke(PlainObjectMetaMethodSite.java:43)
at org.codehaus.groovy.runtime.callsite.PogoMetaMethodSite$PogoCachedMethodSiteNoUnwrapNoCoerce.invoke(PogoMetaMethodSite.java:193)
at org.codehaus.groovy.runtime.callsite.PogoMetaMethodSite.callCurrent(PogoMetaMethodSite.java:61)
at org.codehaus.groovy.runtime.callsite.CallSiteArray.defaultCallCurrent(CallSiteArray.java:51)
at org.codehaus.groovy.runtime.callsite.AbstractCallSite.callCurrent(AbstractCallSite.java:171)
at org.codehaus.groovy.runtime.callsite.AbstractCallSite.callCurrent(AbstractCallSite.java:185)
at io.restassured.internal.ResponseSpecificationImpl.body(ResponseSpecificationImpl.groovy:99)
at io.restassured.internal.ValidatableResponseOptionsImpl.body(ValidatableResponseOptionsImpl.java:238)
at io.restassured.internal.ValidatableResponseImpl.super$2$body(ValidatableResponseImpl.groovy)
at groovy.lang.MetaMethod.doMethodInvoke(MetaMethod.java:323)
at groovy.lang.MetaClassImpl.invokeMethod(MetaClassImpl.java:1268)
at org.codehaus.groovy.runtime.ScriptBytecodeAdapter.invokeMethodOnSuperN(ScriptBytecodeAdapter.java:144)
at io.restassured.internal.ValidatableResponseImpl.body(ValidatableResponseImpl.groovy:293)
at io.restassured.internal.ValidatableResponseImpl.body(ValidatableResponseImpl.groovy)
at com.restassured.apiendtoendtest.AppsLoveWorldAPITestScript.LoginAPITC2(AppsLoveWorldAPITestScript.java:50)
at java.base/java.util.ArrayList.forEach(ArrayList.java:1541)
... Removed 42 stack frames]]>
    </failure>
  </testcase> <!-- LoginAPITC2 -->
  <testcase classname="com.restassured.apiendtoendtest.AppsLoveWorldAPITestScript" name="createUserTC6" time="1.652"/>
  <testcase classname="com.restassured.apiendtoendtest.AppsLoveWorldAPITestScript" name="deleteUserByIDTC24" time="1.149"/>
  <testcase classname="com.restassured.apiendtoendtest.AppsLoveWorldAPITestScript" name="getAllUerTC9" time="1.266"/>
  <testcase classname="com.restassured.apiendtoendtest.AppsLoveWorldAPITestScript" name="invalidSeverAddressNameTC5" time="0.559"/>
  <testcase classname="com.restassured.apiendtoendtest.AppsLoveWorldAPITestScript" name="updateUserEmailAPITC19" time="1.101"/>
  <testcase classname="com.restassured.apiendtoendtest.AppsLoveWorldAPITestScript" name="updateUserLocationAPITC20" time="1.109"/>
  <testcase classname="com.restassured.apiendtoendtest.AppsLoveWorldAPITestScript" name="updateUserNameAndEmailAPITC22" time="1.14"/>
  <testcase classname="com.restassured.apiendtoendtest.AppsLoveWorldAPITestScript" name="createUserTC7" time="1.153"/>
  <testcase classname="com.restassured.apiendtoendtest.AppsLoveWorldAPITestScript" name="getAllUerTC10" time="1.298"/>
  <testcase classname="com.restassured.apiendtoendtest.AppsLoveWorldAPITestScript" name="getAllUerTC11" time="1.124"/>
  <testcase classname="com.restassured.apiendtoendtest.AppsLoveWorldAPITestScript" name="getAllUerTC12" time="1.17"/>
  <testcase classname="com.restassured.apiendtoendtest.AppsLoveWorldAPITestScript" name="getAllUerTC13" time="1.241"/>
  <testcase classname="com.restassured.apiendtoendtest.AppsLoveWorldAPITestScript" name="getAllUerTC14" time="1.125"/>
  <testcase classname="com.restassured.apiendtoendtest.AppsLoveWorldAPITestScript" name="getAllUerTC15" time="1.177"/>
  <testcase classname="com.restassured.apiendtoendtest.AppsLoveWorldAPITestScript" name="getAllUerTC16" time="1.147"/>
  <testcase classname="com.restassured.apiendtoendtest.AppsLoveWorldAPITestScript" name="getAllUerTC17" time="1.085"/>
  <testcase classname="com.restassured.apiendtoendtest.AppsLoveWorldAPITestScript" name="invalidDomainNameTC4" time="0.534"/>
  <testcase classname="com.restassured.apiendtoendtest.AppsLoveWorldAPITestScript" name="invalidProtocolTC3" time="0.562"/>
  <testcase classname="com.restassured.apiendtoendtest.AppsLoveWorldAPITestScript" name="updateUserNameAPITC18" time="1.114"/>
  <testcase classname="com.restassured.apiendtoendtest.AppsLoveWorldAPITestScript" name="updateUserNameAndLocationAPITC21" time="1.174"/>
  <testcase classname="com.restassured.apiendtoendtest.AppsLoveWorldAPITestScript" name="updateUserNameAndLocationAPITC23" time="1.025"/>
  <testcase classname="com.restassured.apiendtoendtest.AppsLoveWorldAPITestScript" name="createUserDuplicateUserCreationTC8" time="1.203"/>
</testsuite> <!-- Test -->
