<html>
<head>
<title>TestNG:  Test</title>
<link href="../testng.css" rel="stylesheet" type="text/css" />
<link href="../my-testng.css" rel="stylesheet" type="text/css" />

<style type="text/css">
.log { display: none;} 
.stack-trace { display: none;} 
</style>
<script type="text/javascript">
<!--
function flip(e) {
  current = e.style.display;
  if (current == 'block') {
    e.style.display = 'none';
    return 0;
  }
  else {
    e.style.display = 'block';
    return 1;
  }
}

function toggleBox(szDivId, elem, msg1, msg2)
{
  var res = -1;  if (document.getElementById) {
    res = flip(document.getElementById(szDivId));
  }
  else if (document.all) {
    // this is the way old msie versions work
    res = flip(document.all[szDivId]);
  }
  if(elem) {
    if(res == 0) elem.innerHTML = msg1; else elem.innerHTML = msg2;
  }

}

function toggleAllBoxes() {
  if (document.getElementsByTagName) {
    d = document.getElementsByTagName('div');
    for (i = 0; i < d.length; i++) {
      if (d[i].className == 'log') {
        flip(d[i]);
      }
    }
  }
}

// -->
</script>

</head>
<body>
<h2 align='center'>Test</h2><table border='1' align="center">
<tr>
<td>Tests passed/Failed/Skipped:</td><td>22/1/0</td>
</tr><tr>
<td>Started on:</td><td>Wed Oct 25 23:04:02 EDT 2023</td>
</tr>
<tr><td>Total time:</td><td>35 seconds (35708 ms)</td>
</tr><tr>
<td>Included groups:</td><td></td>
</tr><tr>
<td>Excluded groups:</td><td></td>
</tr>
</table><p/>
<small><i>(Hover the method name to see the test class name)</i></small><p/>
<table width='100%' border='1' class='invocation-failed'>
<tr><td colspan='4' align='center'><b>FAILED TESTS</b></td></tr>
<tr><td><b>Test method</b></td>
<td><b>Attribute(s)</b></td>
<td width="30%"><b>Exception</b></td>
<td width="10%"><b>Time (seconds)</b></td>
<td><b>Instance</b></td>
</tr>
<tr>
<td title='com.restassured.apiendtoendtest.AppsLoveWorldAPITestScript.LoginAPITC2()'><b>LoginAPITC2</b><br>Test class: com.restassured.apiendtoendtest.AppsLoveWorldAPITestScript</td>
<td><div><pre>java.lang.AssertionError: 1 expectation failed.
Response body doesn&apos;t match expectation.
Expected: The content to match the given JSON schema.
error: instance type (null) does not match any allowed primitive type (allowed: [&quot;object&quot;])
    level: &quot;error&quot;
    schema: {&quot;loadingURI&quot;:&quot;file:/C:/Ambuj_Study_QA/eNexusGlobal_WS/RestAssuredMarketingAPIFramework/target/test-classes/LoginSchema.json#&quot;,&quot;pointer&quot;:&quot;/properties/data&quot;}
    instance: {&quot;pointer&quot;:&quot;/data&quot;}
    domain: &quot;validation&quot;
    keyword: &quot;type&quot;
    found: &quot;null&quot;
    expected: [&quot;object&quot;]

  Actual: {&quot;code&quot;:1,&quot;message&quot;:&quot;invalid username or password&quot;,&quot;data&quot;:null}

	at org.codehaus.groovy.runtime.callsite.ConstructorSite$ConstructorSiteNoUnwrap.callConstructor(ConstructorSite.java:84)
	at org.codehaus.groovy.runtime.callsite.CallSiteArray.defaultCallConstructor(CallSiteArray.java:59)
	at org.codehaus.groovy.runtime.callsite.AbstractCallSite.callConstructor(AbstractCallSite.java:263)
	at org.codehaus.groovy.runtime.callsite.AbstractCallSite.callConstructor(AbstractCallSite.java:277)
	at io.restassured.internal.ResponseSpecificationImpl$HamcrestAssertionClosure.validate(ResponseSpecificationImpl.groovy:499)
	at io.restassured.internal.ResponseSpecificationImpl$HamcrestAssertionClosure$validate$1.call(Unknown Source)
	at io.restassured.internal.ResponseSpecificationImpl.validateResponseIfRequired(ResponseSpecificationImpl.groovy:684)
	at org.codehaus.groovy.runtime.callsite.PlainObjectMetaMethodSite.doInvoke(PlainObjectMetaMethodSite.java:43)
	at org.codehaus.groovy.runtime.callsite.PogoMetaMethodSite$PogoCachedMethodSiteNoUnwrapNoCoerce.invoke(PogoMetaMethodSite.java:193)
	at org.codehaus.groovy.runtime.callsite.PogoMetaMethodSite.callCurrent(PogoMetaMethodSite.java:61)
	at org.codehaus.groovy.runtime.callsite.CallSiteArray.defaultCallCurrent(CallSiteArray.java:51)
	at org.codehaus.groovy.runtime.callsite.AbstractCallSite.callCurrent(AbstractCallSite.java:171)
	at org.codehaus.groovy.runtime.callsite.AbstractCallSite.callCurrent(AbstractCallSite.java:185)
	at io.restassured.internal.ResponseSpecificationImpl.body(ResponseSpecificationImpl.groovy:99)
	at io.restassured.internal.ValidatableResponseOptionsImpl.body(ValidatableResponseOptionsImpl.java:238)
	at io.restassured.internal.ValidatableResponseImpl.super$2$body(ValidatableResponseImpl.groovy)
	at groovy.lang.MetaMethod.doMethodInvoke(MetaMethod.java:323)
	at groovy.lang.MetaClassImpl.invokeMethod(MetaClassImpl.java:1268)
	at org.codehaus.groovy.runtime.ScriptBytecodeAdapter.invokeMethodOnSuperN(ScriptBytecodeAdapter.java:144)
	at io.restassured.internal.ValidatableResponseImpl.body(ValidatableResponseImpl.groovy:293)
	at io.restassured.internal.ValidatableResponseImpl.body(ValidatableResponseImpl.groovy)
	at com.restassured.apiendtoendtest.AppsLoveWorldAPITestScript.LoginAPITC2(AppsLoveWorldAPITestScript.java:60)
	at java.base/java.util.ArrayList.forEach(ArrayList.java:1541)
... Removed 42 stack frames</pre></div><a href='#' onClick='toggleBox("stack-trace630298110", this, "Click to show all stack frames", "Click to hide stack frames")'>Click to show all stack frames</a>
<div class='stack-trace' id='stack-trace630298110'><pre>java.lang.AssertionError: 1 expectation failed.
Response body doesn&apos;t match expectation.
Expected: The content to match the given JSON schema.
error: instance type (null) does not match any allowed primitive type (allowed: [&quot;object&quot;])
    level: &quot;error&quot;
    schema: {&quot;loadingURI&quot;:&quot;file:/C:/Ambuj_Study_QA/eNexusGlobal_WS/RestAssuredMarketingAPIFramework/target/test-classes/LoginSchema.json#&quot;,&quot;pointer&quot;:&quot;/properties/data&quot;}
    instance: {&quot;pointer&quot;:&quot;/data&quot;}
    domain: &quot;validation&quot;
    keyword: &quot;type&quot;
    found: &quot;null&quot;
    expected: [&quot;object&quot;]

  Actual: {&quot;code&quot;:1,&quot;message&quot;:&quot;invalid username or password&quot;,&quot;data&quot;:null}

	at java.base/jdk.internal.reflect.NativeConstructorAccessorImpl.newInstance0(Native Method)
	at java.base/jdk.internal.reflect.NativeConstructorAccessorImpl.newInstance(NativeConstructorAccessorImpl.java:62)
	at java.base/jdk.internal.reflect.DelegatingConstructorAccessorImpl.newInstance(DelegatingConstructorAccessorImpl.java:45)
	at java.base/java.lang.reflect.Constructor.newInstance(Constructor.java:490)
	at org.codehaus.groovy.reflection.CachedConstructor.invoke(CachedConstructor.java:72)
	at org.codehaus.groovy.reflection.CachedConstructor.doConstructorInvoke(CachedConstructor.java:59)
	at org.codehaus.groovy.runtime.callsite.ConstructorSite$ConstructorSiteNoUnwrap.callConstructor(ConstructorSite.java:84)
	at org.codehaus.groovy.runtime.callsite.CallSiteArray.defaultCallConstructor(CallSiteArray.java:59)
	at org.codehaus.groovy.runtime.callsite.AbstractCallSite.callConstructor(AbstractCallSite.java:263)
	at org.codehaus.groovy.runtime.callsite.AbstractCallSite.callConstructor(AbstractCallSite.java:277)
	at io.restassured.internal.ResponseSpecificationImpl$HamcrestAssertionClosure.validate(ResponseSpecificationImpl.groovy:499)
	at io.restassured.internal.ResponseSpecificationImpl$HamcrestAssertionClosure$validate$1.call(Unknown Source)
	at io.restassured.internal.ResponseSpecificationImpl.validateResponseIfRequired(ResponseSpecificationImpl.groovy:684)
	at java.base/jdk.internal.reflect.NativeMethodAccessorImpl.invoke0(Native Method)
	at java.base/jdk.internal.reflect.NativeMethodAccessorImpl.invoke(NativeMethodAccessorImpl.java:62)
	at java.base/jdk.internal.reflect.DelegatingMethodAccessorImpl.invoke(DelegatingMethodAccessorImpl.java:43)
	at java.base/java.lang.reflect.Method.invoke(Method.java:566)
	at org.codehaus.groovy.runtime.callsite.PlainObjectMetaMethodSite.doInvoke(PlainObjectMetaMethodSite.java:43)
	at org.codehaus.groovy.runtime.callsite.PogoMetaMethodSite$PogoCachedMethodSiteNoUnwrapNoCoerce.invoke(PogoMetaMethodSite.java:193)
	at org.codehaus.groovy.runtime.callsite.PogoMetaMethodSite.callCurrent(PogoMetaMethodSite.java:61)
	at org.codehaus.groovy.runtime.callsite.CallSiteArray.defaultCallCurrent(CallSiteArray.java:51)
	at org.codehaus.groovy.runtime.callsite.AbstractCallSite.callCurrent(AbstractCallSite.java:171)
	at org.codehaus.groovy.runtime.callsite.AbstractCallSite.callCurrent(AbstractCallSite.java:185)
	at io.restassured.internal.ResponseSpecificationImpl.body(ResponseSpecificationImpl.groovy:99)
	at io.restassured.internal.ValidatableResponseOptionsImpl.body(ValidatableResponseOptionsImpl.java:238)
	at io.restassured.internal.ValidatableResponseImpl.super$2$body(ValidatableResponseImpl.groovy)
	at java.base/jdk.internal.reflect.NativeMethodAccessorImpl.invoke0(Native Method)
	at java.base/jdk.internal.reflect.NativeMethodAccessorImpl.invoke(NativeMethodAccessorImpl.java:62)
	at java.base/jdk.internal.reflect.DelegatingMethodAccessorImpl.invoke(DelegatingMethodAccessorImpl.java:43)
	at java.base/java.lang.reflect.Method.invoke(Method.java:566)
	at org.codehaus.groovy.reflection.CachedMethod.invoke(CachedMethod.java:107)
	at groovy.lang.MetaMethod.doMethodInvoke(MetaMethod.java:323)
	at groovy.lang.MetaClassImpl.invokeMethod(MetaClassImpl.java:1268)
	at org.codehaus.groovy.runtime.ScriptBytecodeAdapter.invokeMethodOnSuperN(ScriptBytecodeAdapter.java:144)
	at io.restassured.internal.ValidatableResponseImpl.body(ValidatableResponseImpl.groovy:293)
	at io.restassured.internal.ValidatableResponseImpl.body(ValidatableResponseImpl.groovy)
	at com.restassured.apiendtoendtest.AppsLoveWorldAPITestScript.LoginAPITC2(AppsLoveWorldAPITestScript.java:60)
	at java.base/jdk.internal.reflect.NativeMethodAccessorImpl.invoke0(Native Method)
	at java.base/jdk.internal.reflect.NativeMethodAccessorImpl.invoke(NativeMethodAccessorImpl.java:62)
	at java.base/jdk.internal.reflect.DelegatingMethodAccessorImpl.invoke(DelegatingMethodAccessorImpl.java:43)
	at java.base/java.lang.reflect.Method.invoke(Method.java:566)
	at org.testng.internal.invokers.MethodInvocationHelper.invokeMethod(MethodInvocationHelper.java:139)
	at org.testng.internal.invokers.TestInvoker.invokeMethod(TestInvoker.java:677)
	at org.testng.internal.invokers.TestInvoker.invokeTestMethod(TestInvoker.java:221)
	at org.testng.internal.invokers.MethodRunner.runInSequence(MethodRunner.java:50)
	at org.testng.internal.invokers.TestInvoker$MethodInvocationAgent.invoke(TestInvoker.java:962)
	at org.testng.internal.invokers.TestInvoker.invokeTestMethods(TestInvoker.java:194)
	at org.testng.internal.invokers.TestMethodWorker.invokeTestMethods(TestMethodWorker.java:148)
	at org.testng.internal.invokers.TestMethodWorker.run(TestMethodWorker.java:128)
	at java.base/java.util.ArrayList.forEach(ArrayList.java:1541)
	at org.testng.TestRunner.privateRun(TestRunner.java:806)
	at org.testng.TestRunner.run(TestRunner.java:601)
	at org.testng.SuiteRunner.runTest(SuiteRunner.java:433)
	at org.testng.SuiteRunner.runSequentially(SuiteRunner.java:427)
	at org.testng.SuiteRunner.privateRun(SuiteRunner.java:387)
	at org.testng.SuiteRunner.run(SuiteRunner.java:330)
	at org.testng.SuiteRunnerWorker.runSuite(SuiteRunnerWorker.java:52)
	at org.testng.SuiteRunnerWorker.run(SuiteRunnerWorker.java:95)
	at org.testng.TestNG.runSuitesSequentially(TestNG.java:1256)
	at org.testng.TestNG.runSuitesLocally(TestNG.java:1176)
	at org.testng.TestNG.runSuites(TestNG.java:1099)
	at org.testng.TestNG.run(TestNG.java:1067)
	at org.testng.remote.AbstractRemoteTestNG.run(AbstractRemoteTestNG.java:115)
	at org.testng.remote.RemoteTestNG.initAndRun(RemoteTestNG.java:251)
	at org.testng.remote.RemoteTestNG.main(RemoteTestNG.java:77)
</pre></div></td>
<td>2</td>
<td>com.restassured.apiendtoendtest.AppsLoveWorldAPITestScript@1af05b03</td></tr>
</table><p>
<table width='100%' border='1' class='invocation-passed'>
<tr><td colspan='4' align='center'><b>PASSED TESTS</b></td></tr>
<tr><td><b>Test method</b></td>
<td><b>Attribute(s)</b></td>
<td width="30%"><b>Exception</b></td>
<td width="10%"><b>Time (seconds)</b></td>
<td><b>Instance</b></td>
</tr>
<tr>
<td title='com.restassured.apiendtoendtest.AppsLoveWorldAPITestScript.getAllUerTC15()'><b>getAllUerTC15</b><br>Test class: com.restassured.apiendtoendtest.AppsLoveWorldAPITestScript</td>
<td></td>
<td>1</td>
<td>com.restassured.apiendtoendtest.AppsLoveWorldAPITestScript@1af05b03</td></tr>
<tr>
<td title='com.restassured.apiendtoendtest.AppsLoveWorldAPITestScript.getAllUerTC12()'><b>getAllUerTC12</b><br>Test class: com.restassured.apiendtoendtest.AppsLoveWorldAPITestScript</td>
<td></td>
<td>1</td>
<td>com.restassured.apiendtoendtest.AppsLoveWorldAPITestScript@1af05b03</td></tr>
<tr>
<td title='com.restassured.apiendtoendtest.AppsLoveWorldAPITestScript.updateUserNameAndLocationAPITC21()'><b>updateUserNameAndLocationAPITC21</b><br>Test class: com.restassured.apiendtoendtest.AppsLoveWorldAPITestScript</td>
<td></td>
<td>1</td>
<td>com.restassured.apiendtoendtest.AppsLoveWorldAPITestScript@1af05b03</td></tr>
<tr>
<td title='com.restassured.apiendtoendtest.AppsLoveWorldAPITestScript.createUserTC6()'><b>createUserTC6</b><br>Test class: com.restassured.apiendtoendtest.AppsLoveWorldAPITestScript</td>
<td></td>
<td>1</td>
<td>com.restassured.apiendtoendtest.AppsLoveWorldAPITestScript@1af05b03</td></tr>
<tr>
<td title='com.restassured.apiendtoendtest.AppsLoveWorldAPITestScript.getAllUerTC10()'><b>getAllUerTC10</b><br>Test class: com.restassured.apiendtoendtest.AppsLoveWorldAPITestScript</td>
<td></td>
<td>1</td>
<td>com.restassured.apiendtoendtest.AppsLoveWorldAPITestScript@1af05b03</td></tr>
<tr>
<td title='com.restassured.apiendtoendtest.AppsLoveWorldAPITestScript.updateUserEmailAPITC19()'><b>updateUserEmailAPITC19</b><br>Test class: com.restassured.apiendtoendtest.AppsLoveWorldAPITestScript</td>
<td></td>
<td>1</td>
<td>com.restassured.apiendtoendtest.AppsLoveWorldAPITestScript@1af05b03</td></tr>
<tr>
<td title='com.restassured.apiendtoendtest.AppsLoveWorldAPITestScript.updateUserNameAndEmailAPITC22()'><b>updateUserNameAndEmailAPITC22</b><br>Test class: com.restassured.apiendtoendtest.AppsLoveWorldAPITestScript</td>
<td></td>
<td>1</td>
<td>com.restassured.apiendtoendtest.AppsLoveWorldAPITestScript@1af05b03</td></tr>
<tr>
<td title='com.restassured.apiendtoendtest.AppsLoveWorldAPITestScript.createUserTC7()'><b>createUserTC7</b><br>Test class: com.restassured.apiendtoendtest.AppsLoveWorldAPITestScript</td>
<td></td>
<td>1</td>
<td>com.restassured.apiendtoendtest.AppsLoveWorldAPITestScript@1af05b03</td></tr>
<tr>
<td title='com.restassured.apiendtoendtest.AppsLoveWorldAPITestScript.invalidSeverAddressNameTC5()'><b>invalidSeverAddressNameTC5</b><br>Test class: com.restassured.apiendtoendtest.AppsLoveWorldAPITestScript</td>
<td></td>
<td>1</td>
<td>com.restassured.apiendtoendtest.AppsLoveWorldAPITestScript@1af05b03</td></tr>
<tr>
<td title='com.restassured.apiendtoendtest.AppsLoveWorldAPITestScript.getAllUerTC9()'><b>getAllUerTC9</b><br>Test class: com.restassured.apiendtoendtest.AppsLoveWorldAPITestScript</td>
<td></td>
<td>2</td>
<td>com.restassured.apiendtoendtest.AppsLoveWorldAPITestScript@1af05b03</td></tr>
<tr>
<td title='com.restassured.apiendtoendtest.AppsLoveWorldAPITestScript.getAllUerTC16()'><b>getAllUerTC16</b><br>Test class: com.restassured.apiendtoendtest.AppsLoveWorldAPITestScript</td>
<td></td>
<td>1</td>
<td>com.restassured.apiendtoendtest.AppsLoveWorldAPITestScript@1af05b03</td></tr>
<tr>
<td title='com.restassured.apiendtoendtest.AppsLoveWorldAPITestScript.deleteUserByIDTC24()'><b>deleteUserByIDTC24</b><br>Test class: com.restassured.apiendtoendtest.AppsLoveWorldAPITestScript</td>
<td></td>
<td>1</td>
<td>com.restassured.apiendtoendtest.AppsLoveWorldAPITestScript@1af05b03</td></tr>
<tr>
<td title='com.restassured.apiendtoendtest.AppsLoveWorldAPITestScript.getAllUerTC14()'><b>getAllUerTC14</b><br>Test class: com.restassured.apiendtoendtest.AppsLoveWorldAPITestScript</td>
<td></td>
<td>1</td>
<td>com.restassured.apiendtoendtest.AppsLoveWorldAPITestScript@1af05b03</td></tr>
<tr>
<td title='com.restassured.apiendtoendtest.AppsLoveWorldAPITestScript.createUserDuplicateUserCreationTC8()'><b>createUserDuplicateUserCreationTC8</b><br>Test class: com.restassured.apiendtoendtest.AppsLoveWorldAPITestScript</td>
<td></td>
<td>1</td>
<td>com.restassured.apiendtoendtest.AppsLoveWorldAPITestScript@1af05b03</td></tr>
<tr>
<td title='com.restassured.apiendtoendtest.AppsLoveWorldAPITestScript.getAllUerTC13()'><b>getAllUerTC13</b><br>Test class: com.restassured.apiendtoendtest.AppsLoveWorldAPITestScript</td>
<td></td>
<td>1</td>
<td>com.restassured.apiendtoendtest.AppsLoveWorldAPITestScript@1af05b03</td></tr>
<tr>
<td title='com.restassured.apiendtoendtest.AppsLoveWorldAPITestScript.updateUserNameAPITC18()'><b>updateUserNameAPITC18</b><br>Test class: com.restassured.apiendtoendtest.AppsLoveWorldAPITestScript</td>
<td></td>
<td>1</td>
<td>com.restassured.apiendtoendtest.AppsLoveWorldAPITestScript@1af05b03</td></tr>
<tr>
<td title='com.restassured.apiendtoendtest.AppsLoveWorldAPITestScript.updateUserLocationAPITC20()'><b>updateUserLocationAPITC20</b><br>Test class: com.restassured.apiendtoendtest.AppsLoveWorldAPITestScript</td>
<td></td>
<td>1</td>
<td>com.restassured.apiendtoendtest.AppsLoveWorldAPITestScript@1af05b03</td></tr>
<tr>
<td title='com.restassured.apiendtoendtest.AppsLoveWorldAPITestScript.invalidProtocolTC3()'><b>invalidProtocolTC3</b><br>Test class: com.restassured.apiendtoendtest.AppsLoveWorldAPITestScript</td>
<td></td>
<td>0</td>
<td>com.restassured.apiendtoendtest.AppsLoveWorldAPITestScript@1af05b03</td></tr>
<tr>
<td title='com.restassured.apiendtoendtest.AppsLoveWorldAPITestScript.invalidDomainNameTC4()'><b>invalidDomainNameTC4</b><br>Test class: com.restassured.apiendtoendtest.AppsLoveWorldAPITestScript</td>
<td></td>
<td>0</td>
<td>com.restassured.apiendtoendtest.AppsLoveWorldAPITestScript@1af05b03</td></tr>
<tr>
<td title='com.restassured.apiendtoendtest.AppsLoveWorldAPITestScript.updateUserNameAndLocationAPITC23()'><b>updateUserNameAndLocationAPITC23</b><br>Test class: com.restassured.apiendtoendtest.AppsLoveWorldAPITestScript</td>
<td></td>
<td>1</td>
<td>com.restassured.apiendtoendtest.AppsLoveWorldAPITestScript@1af05b03</td></tr>
<tr>
<td title='com.restassured.apiendtoendtest.AppsLoveWorldAPITestScript.getAllUerTC11()'><b>getAllUerTC11</b><br>Test class: com.restassured.apiendtoendtest.AppsLoveWorldAPITestScript</td>
<td></td>
<td>1</td>
<td>com.restassured.apiendtoendtest.AppsLoveWorldAPITestScript@1af05b03</td></tr>
<tr>
<td title='com.restassured.apiendtoendtest.AppsLoveWorldAPITestScript.getAllUerTC17()'><b>getAllUerTC17</b><br>Test class: com.restassured.apiendtoendtest.AppsLoveWorldAPITestScript</td>
<td></td>
<td>1</td>
<td>com.restassured.apiendtoendtest.AppsLoveWorldAPITestScript@1af05b03</td></tr>
</table><p>
</body>
</html>