<?xml version="1.0" encoding="UTF-8"?>
<testng-results ignored="0" total="23" passed="22" failed="1" skipped="0">
  <reporter-output>
  </reporter-output>
  <suite started-at="2023-10-24T16:43:50 EDT" name="Suite" finished-at="2023-10-24T16:44:17 EDT" duration-ms="27139">
    <groups>
    </groups>
    <test started-at="2023-10-24T16:43:50 EDT" name="Test" finished-at="2023-10-24T16:44:17 EDT" duration-ms="27139">
      <class name="com.restassured.apiendtoendtest.AppsLoveWorldAPITestScript">
        <test-method is-config="true" signature="init()[pri:0, instance:com.restassured.apiendtoendtest.AppsLoveWorldAPITestScript@235f4c10]" started-at="2023-10-24T16:43:50 EDT" name="init" finished-at="2023-10-24T16:43:51 EDT" duration-ms="626" status="PASS">
          <reporter-output>
          </reporter-output>
        </test-method> <!-- init -->
        <test-method signature="LoginAPITC2()[pri:0, instance:com.restassured.apiendtoendtest.AppsLoveWorldAPITestScript@235f4c10]" started-at="2023-10-24T16:43:51 EDT" name="LoginAPITC2" finished-at="2023-10-24T16:43:53 EDT" duration-ms="2282" status="FAIL">
          <exception class="java.lang.AssertionError">
            <message>
              <![CDATA[1 expectation failed.
Response body doesn't match expectation.
Expected: The content to match the given JSON schema.
error: instance type (null) does not match any allowed primitive type (allowed: ["object"])
    level: "error"
    schema: {"loadingURI":"file:/C:/Ambuj_Study_QA/eNexusGlobal_WS/RestAssuredMarketingAPIFramework/target/test-classes/LoginSchema.json#","pointer":"/properties/data"}
    instance: {"pointer":"/data"}
    domain: "validation"
    keyword: "type"
    found: "null"
    expected: ["object"]

  Actual: {"code":1,"message":"invalid username or password","data":null}
]]>
            </message>
            <full-stacktrace>
              <![CDATA[java.lang.AssertionError: 1 expectation failed.
Response body doesn't match expectation.
Expected: The content to match the given JSON schema.
error: instance type (null) does not match any allowed primitive type (allowed: ["object"])
    level: "error"
    schema: {"loadingURI":"file:/C:/Ambuj_Study_QA/eNexusGlobal_WS/RestAssuredMarketingAPIFramework/target/test-classes/LoginSchema.json#","pointer":"/properties/data"}
    instance: {"pointer":"/data"}
    domain: "validation"
    keyword: "type"
    found: "null"
    expected: ["object"]

  Actual: {"code":1,"message":"invalid username or password","data":null}

at java.base/jdk.internal.reflect.NativeConstructorAccessorImpl.newInstance0(Native Method)
at java.base/jdk.internal.reflect.NativeConstructorAccessorImpl.newInstance(NativeConstructorAccessorImpl.java:62)
at java.base/jdk.internal.reflect.DelegatingConstructorAccessorImpl.newInstance(DelegatingConstructorAccessorImpl.java:45)
at java.base/java.lang.reflect.Constructor.newInstance(Constructor.java:490)
at org.codehaus.groovy.reflection.CachedConstructor.invoke(CachedConstructor.java:72)
at org.codehaus.groovy.reflection.CachedConstructor.doConstructorInvoke(CachedConstructor.java:59)
at org.codehaus.groovy.runtime.callsite.ConstructorSite$ConstructorSiteNoUnwrap.callConstructor(ConstructorSite.java:84)
at org.codehaus.groovy.runtime.callsite.CallSiteArray.defaultCallConstructor(CallSiteArray.java:59)
at org.codehaus.groovy.runtime.callsite.AbstractCallSite.callConstructor(AbstractCallSite.java:263)
at org.codehaus.groovy.runtime.callsite.AbstractCallSite.callConstructor(AbstractCallSite.java:277)
at io.restassured.internal.ResponseSpecificationImpl$HamcrestAssertionClosure.validate(ResponseSpecificationImpl.groovy:499)
at io.restassured.internal.ResponseSpecificationImpl$HamcrestAssertionClosure$validate$1.call(Unknown Source)
at io.restassured.internal.ResponseSpecificationImpl.validateResponseIfRequired(ResponseSpecificationImpl.groovy:684)
at java.base/jdk.internal.reflect.NativeMethodAccessorImpl.invoke0(Native Method)
at java.base/jdk.internal.reflect.NativeMethodAccessorImpl.invoke(NativeMethodAccessorImpl.java:62)
at java.base/jdk.internal.reflect.DelegatingMethodAccessorImpl.invoke(DelegatingMethodAccessorImpl.java:43)
at java.base/java.lang.reflect.Method.invoke(Method.java:566)
at org.codehaus.groovy.runtime.callsite.PlainObjectMetaMethodSite.doInvoke(PlainObjectMetaMethodSite.java:43)
at org.codehaus.groovy.runtime.callsite.PogoMetaMethodSite$PogoCachedMethodSiteNoUnwrapNoCoerce.invoke(PogoMetaMethodSite.java:193)
at org.codehaus.groovy.runtime.callsite.PogoMetaMethodSite.callCurrent(PogoMetaMethodSite.java:61)
at org.codehaus.groovy.runtime.callsite.CallSiteArray.defaultCallCurrent(CallSiteArray.java:51)
at org.codehaus.groovy.runtime.callsite.AbstractCallSite.callCurrent(AbstractCallSite.java:171)
at org.codehaus.groovy.runtime.callsite.AbstractCallSite.callCurrent(AbstractCallSite.java:185)
at io.restassured.internal.ResponseSpecificationImpl.body(ResponseSpecificationImpl.groovy:99)
at io.restassured.internal.ValidatableResponseOptionsImpl.body(ValidatableResponseOptionsImpl.java:238)
at io.restassured.internal.ValidatableResponseImpl.super$2$body(ValidatableResponseImpl.groovy)
at java.base/jdk.internal.reflect.NativeMethodAccessorImpl.invoke0(Native Method)
at java.base/jdk.internal.reflect.NativeMethodAccessorImpl.invoke(NativeMethodAccessorImpl.java:62)
at java.base/jdk.internal.reflect.DelegatingMethodAccessorImpl.invoke(DelegatingMethodAccessorImpl.java:43)
at java.base/java.lang.reflect.Method.invoke(Method.java:566)
at org.codehaus.groovy.reflection.CachedMethod.invoke(CachedMethod.java:107)
at groovy.lang.MetaMethod.doMethodInvoke(MetaMethod.java:323)
at groovy.lang.MetaClassImpl.invokeMethod(MetaClassImpl.java:1268)
at org.codehaus.groovy.runtime.ScriptBytecodeAdapter.invokeMethodOnSuperN(ScriptBytecodeAdapter.java:144)
at io.restassured.internal.ValidatableResponseImpl.body(ValidatableResponseImpl.groovy:293)
at io.restassured.internal.ValidatableResponseImpl.body(ValidatableResponseImpl.groovy)
at com.restassured.apiendtoendtest.AppsLoveWorldAPITestScript.LoginAPITC2(AppsLoveWorldAPITestScript.java:50)
at java.base/jdk.internal.reflect.NativeMethodAccessorImpl.invoke0(Native Method)
at java.base/jdk.internal.reflect.NativeMethodAccessorImpl.invoke(NativeMethodAccessorImpl.java:62)
at java.base/jdk.internal.reflect.DelegatingMethodAccessorImpl.invoke(DelegatingMethodAccessorImpl.java:43)
at java.base/java.lang.reflect.Method.invoke(Method.java:566)
at org.testng.internal.invokers.MethodInvocationHelper.invokeMethod(MethodInvocationHelper.java:139)
at org.testng.internal.invokers.TestInvoker.invokeMethod(TestInvoker.java:677)
at org.testng.internal.invokers.TestInvoker.invokeTestMethod(TestInvoker.java:221)
at org.testng.internal.invokers.MethodRunner.runInSequence(MethodRunner.java:50)
at org.testng.internal.invokers.TestInvoker$MethodInvocationAgent.invoke(TestInvoker.java:962)
at org.testng.internal.invokers.TestInvoker.invokeTestMethods(TestInvoker.java:194)
at org.testng.internal.invokers.TestMethodWorker.invokeTestMethods(TestMethodWorker.java:148)
at org.testng.internal.invokers.TestMethodWorker.run(TestMethodWorker.java:128)
at java.base/java.util.ArrayList.forEach(ArrayList.java:1541)
at org.testng.TestRunner.privateRun(TestRunner.java:806)
at org.testng.TestRunner.run(TestRunner.java:601)
at org.testng.SuiteRunner.runTest(SuiteRunner.java:433)
at org.testng.SuiteRunner.runSequentially(SuiteRunner.java:427)
at org.testng.SuiteRunner.privateRun(SuiteRunner.java:387)
at org.testng.SuiteRunner.run(SuiteRunner.java:330)
at org.testng.SuiteRunnerWorker.runSuite(SuiteRunnerWorker.java:52)
at org.testng.SuiteRunnerWorker.run(SuiteRunnerWorker.java:95)
at org.testng.TestNG.runSuitesSequentially(TestNG.java:1256)
at org.testng.TestNG.runSuitesLocally(TestNG.java:1176)
at org.testng.TestNG.runSuites(TestNG.java:1099)
at org.testng.TestNG.run(TestNG.java:1067)
at org.testng.remote.AbstractRemoteTestNG.run(AbstractRemoteTestNG.java:115)
at org.testng.remote.RemoteTestNG.initAndRun(RemoteTestNG.java:251)
at org.testng.remote.RemoteTestNG.main(RemoteTestNG.java:77)
]]>
            </full-stacktrace>
          </exception> <!-- java.lang.AssertionError -->
          <reporter-output>
          </reporter-output>
        </test-method> <!-- LoginAPITC2 -->
        <test-method signature="createUserTC6()[pri:0, instance:com.restassured.apiendtoendtest.AppsLoveWorldAPITestScript@235f4c10]" started-at="2023-10-24T16:43:53 EDT" name="createUserTC6" finished-at="2023-10-24T16:43:54 EDT" duration-ms="1652" status="PASS">
          <reporter-output>
          </reporter-output>
        </test-method> <!-- createUserTC6 -->
        <test-method signature="deleteUserByIDTC24()[pri:0, instance:com.restassured.apiendtoendtest.AppsLoveWorldAPITestScript@235f4c10]" started-at="2023-10-24T16:43:54 EDT" name="deleteUserByIDTC24" finished-at="2023-10-24T16:43:56 EDT" duration-ms="1149" status="PASS">
          <reporter-output>
          </reporter-output>
        </test-method> <!-- deleteUserByIDTC24 -->
        <test-method signature="getAllUerTC9()[pri:0, instance:com.restassured.apiendtoendtest.AppsLoveWorldAPITestScript@235f4c10]" started-at="2023-10-24T16:43:56 EDT" name="getAllUerTC9" finished-at="2023-10-24T16:43:57 EDT" duration-ms="1266" status="PASS">
          <reporter-output>
          </reporter-output>
        </test-method> <!-- getAllUerTC9 -->
        <test-method signature="invalidSeverAddressNameTC5()[pri:0, instance:com.restassured.apiendtoendtest.AppsLoveWorldAPITestScript@235f4c10]" started-at="2023-10-24T16:43:57 EDT" name="invalidSeverAddressNameTC5" finished-at="2023-10-24T16:43:57 EDT" duration-ms="559" status="PASS">
          <reporter-output>
          </reporter-output>
        </test-method> <!-- invalidSeverAddressNameTC5 -->
        <test-method signature="updateUserEmailAPITC19()[pri:0, instance:com.restassured.apiendtoendtest.AppsLoveWorldAPITestScript@235f4c10]" started-at="2023-10-24T16:43:57 EDT" name="updateUserEmailAPITC19" finished-at="2023-10-24T16:43:59 EDT" duration-ms="1101" status="PASS">
          <reporter-output>
          </reporter-output>
        </test-method> <!-- updateUserEmailAPITC19 -->
        <test-method signature="updateUserLocationAPITC20()[pri:0, instance:com.restassured.apiendtoendtest.AppsLoveWorldAPITestScript@235f4c10]" started-at="2023-10-24T16:43:59 EDT" name="updateUserLocationAPITC20" finished-at="2023-10-24T16:44:00 EDT" duration-ms="1109" status="PASS">
          <reporter-output>
          </reporter-output>
        </test-method> <!-- updateUserLocationAPITC20 -->
        <test-method signature="updateUserNameAndEmailAPITC22()[pri:0, instance:com.restassured.apiendtoendtest.AppsLoveWorldAPITestScript@235f4c10]" started-at="2023-10-24T16:44:00 EDT" name="updateUserNameAndEmailAPITC22" finished-at="2023-10-24T16:44:01 EDT" duration-ms="1140" status="PASS">
          <reporter-output>
          </reporter-output>
        </test-method> <!-- updateUserNameAndEmailAPITC22 -->
        <test-method signature="createUserTC7()[pri:0, instance:com.restassured.apiendtoendtest.AppsLoveWorldAPITestScript@235f4c10]" started-at="2023-10-24T16:44:01 EDT" name="createUserTC7" finished-at="2023-10-24T16:44:02 EDT" duration-ms="1153" status="PASS">
          <reporter-output>
          </reporter-output>
        </test-method> <!-- createUserTC7 -->
        <test-method signature="getAllUerTC10()[pri:0, instance:com.restassured.apiendtoendtest.AppsLoveWorldAPITestScript@235f4c10]" started-at="2023-10-24T16:44:02 EDT" name="getAllUerTC10" finished-at="2023-10-24T16:44:03 EDT" duration-ms="1298" status="PASS">
          <reporter-output>
          </reporter-output>
        </test-method> <!-- getAllUerTC10 -->
        <test-method signature="getAllUerTC11()[pri:0, instance:com.restassured.apiendtoendtest.AppsLoveWorldAPITestScript@235f4c10]" started-at="2023-10-24T16:44:03 EDT" name="getAllUerTC11" finished-at="2023-10-24T16:44:04 EDT" duration-ms="1124" status="PASS">
          <reporter-output>
          </reporter-output>
        </test-method> <!-- getAllUerTC11 -->
        <test-method signature="getAllUerTC12()[pri:0, instance:com.restassured.apiendtoendtest.AppsLoveWorldAPITestScript@235f4c10]" started-at="2023-10-24T16:44:04 EDT" name="getAllUerTC12" finished-at="2023-10-24T16:44:06 EDT" duration-ms="1170" status="PASS">
          <reporter-output>
          </reporter-output>
        </test-method> <!-- getAllUerTC12 -->
        <test-method signature="getAllUerTC13()[pri:0, instance:com.restassured.apiendtoendtest.AppsLoveWorldAPITestScript@235f4c10]" started-at="2023-10-24T16:44:06 EDT" name="getAllUerTC13" finished-at="2023-10-24T16:44:07 EDT" duration-ms="1241" status="PASS">
          <reporter-output>
          </reporter-output>
        </test-method> <!-- getAllUerTC13 -->
        <test-method signature="getAllUerTC14()[pri:0, instance:com.restassured.apiendtoendtest.AppsLoveWorldAPITestScript@235f4c10]" started-at="2023-10-24T16:44:07 EDT" name="getAllUerTC14" finished-at="2023-10-24T16:44:08 EDT" duration-ms="1125" status="PASS">
          <reporter-output>
          </reporter-output>
        </test-method> <!-- getAllUerTC14 -->
        <test-method signature="getAllUerTC15()[pri:0, instance:com.restassured.apiendtoendtest.AppsLoveWorldAPITestScript@235f4c10]" started-at="2023-10-24T16:44:08 EDT" name="getAllUerTC15" finished-at="2023-10-24T16:44:09 EDT" duration-ms="1177" status="PASS">
          <reporter-output>
          </reporter-output>
        </test-method> <!-- getAllUerTC15 -->
        <test-method signature="getAllUerTC16()[pri:0, instance:com.restassured.apiendtoendtest.AppsLoveWorldAPITestScript@235f4c10]" started-at="2023-10-24T16:44:09 EDT" name="getAllUerTC16" finished-at="2023-10-24T16:44:10 EDT" duration-ms="1147" status="PASS">
          <reporter-output>
          </reporter-output>
        </test-method> <!-- getAllUerTC16 -->
        <test-method signature="getAllUerTC17()[pri:0, instance:com.restassured.apiendtoendtest.AppsLoveWorldAPITestScript@235f4c10]" started-at="2023-10-24T16:44:10 EDT" name="getAllUerTC17" finished-at="2023-10-24T16:44:11 EDT" duration-ms="1085" status="PASS">
          <reporter-output>
          </reporter-output>
        </test-method> <!-- getAllUerTC17 -->
        <test-method signature="invalidDomainNameTC4()[pri:0, instance:com.restassured.apiendtoendtest.AppsLoveWorldAPITestScript@235f4c10]" started-at="2023-10-24T16:44:11 EDT" name="invalidDomainNameTC4" finished-at="2023-10-24T16:44:12 EDT" duration-ms="534" status="PASS">
          <reporter-output>
          </reporter-output>
        </test-method> <!-- invalidDomainNameTC4 -->
        <test-method signature="invalidProtocolTC3()[pri:0, instance:com.restassured.apiendtoendtest.AppsLoveWorldAPITestScript@235f4c10]" started-at="2023-10-24T16:44:12 EDT" name="invalidProtocolTC3" finished-at="2023-10-24T16:44:12 EDT" duration-ms="562" status="PASS">
          <reporter-output>
          </reporter-output>
        </test-method> <!-- invalidProtocolTC3 -->
        <test-method signature="updateUserNameAPITC18()[pri:0, instance:com.restassured.apiendtoendtest.AppsLoveWorldAPITestScript@235f4c10]" started-at="2023-10-24T16:44:12 EDT" name="updateUserNameAPITC18" finished-at="2023-10-24T16:44:14 EDT" duration-ms="1114" status="PASS">
          <reporter-output>
          </reporter-output>
        </test-method> <!-- updateUserNameAPITC18 -->
        <test-method signature="updateUserNameAndLocationAPITC21()[pri:0, instance:com.restassured.apiendtoendtest.AppsLoveWorldAPITestScript@235f4c10]" started-at="2023-10-24T16:44:14 EDT" name="updateUserNameAndLocationAPITC21" finished-at="2023-10-24T16:44:15 EDT" duration-ms="1174" status="PASS">
          <reporter-output>
          </reporter-output>
        </test-method> <!-- updateUserNameAndLocationAPITC21 -->
        <test-method signature="updateUserNameAndLocationAPITC23()[pri:0, instance:com.restassured.apiendtoendtest.AppsLoveWorldAPITestScript@235f4c10]" started-at="2023-10-24T16:44:15 EDT" name="updateUserNameAndLocationAPITC23" finished-at="2023-10-24T16:44:16 EDT" duration-ms="1025" status="PASS">
          <reporter-output>
          </reporter-output>
        </test-method> <!-- updateUserNameAndLocationAPITC23 -->
        <test-method signature="createUserDuplicateUserCreationTC8()[pri:0, instance:com.restassured.apiendtoendtest.AppsLoveWorldAPITestScript@235f4c10]" started-at="2023-10-24T16:44:16 EDT" name="createUserDuplicateUserCreationTC8" finished-at="2023-10-24T16:44:17 EDT" depends-on-methods="com.restassured.apiendtoendtest.AppsLoveWorldAPITestScript.createUserTC6" duration-ms="1203" status="PASS">
          <reporter-output>
          </reporter-output>
        </test-method> <!-- createUserDuplicateUserCreationTC8 -->
      </class> <!-- com.restassured.apiendtoendtest.AppsLoveWorldAPITestScript -->
    </test> <!-- Test -->
  </suite> <!-- Suite -->
</testng-results>
