<?xml version="1.0" encoding="UTF-8"?>
<!-- Generated by org.testng.reporters.JUnitReportReporter -->
<testsuite hostname="LAPTOP-9O068DHJ" failures="1" tests="23" name="com.restassured.apiendtoendtest.AppsLoveWorldAPITestScript" time="26.390" errors="0" timestamp="2023-10-24T16:44:17 EDT" skipped="0">
  <testcase classname="com.restassured.apiendtoendtest.AppsLoveWorldAPITestScript" name="createUserTC7" time="1.153"/>
  <system-out/>
  <testcase classname="com.restassured.apiendtoendtest.AppsLoveWorldAPITestScript" name="invalidDomainNameTC4" time="0.534"/>
  <system-out/>
  <testcase classname="com.restassured.apiendtoendtest.AppsLoveWorldAPITestScript" name="updateUserNameAndLocationAPITC23" time="1.025"/>
  <system-out/>
  <testcase classname="com.restassured.apiendtoendtest.AppsLoveWorldAPITestScript" name="updateUserLocationAPITC20" time="1.109"/>
  <system-out/>
  <testcase classname="com.restassured.apiendtoendtest.AppsLoveWorldAPITestScript" name="getAllUerTC11" time="1.124"/>
  <system-out/>
  <testcase classname="com.restassured.apiendtoendtest.AppsLoveWorldAPITestScript" name="updateUserNameAndLocationAPITC21" time="1.174"/>
  <system-out/>
  <testcase classname="com.restassured.apiendtoendtest.AppsLoveWorldAPITestScript" name="invalidProtocolTC3" time="0.562"/>
  <system-out/>
  <testcase classname="com.restassured.apiendtoendtest.AppsLoveWorldAPITestScript" name="getAllUerTC13" time="1.241"/>
  <system-out/>
  <testcase classname="com.restassured.apiendtoendtest.AppsLoveWorldAPITestScript" name="LoginAPITC2" time="2.282">
    <failure message="1 expectation failed.
Response body doesn&#039;t match expectation.
Expected: The content to match the given JSON schema.
error: instance type (null) does not match any allowed primitive type (allowed: [&quot;object&quot;])
    level: &quot;error&quot;
    schema: {&quot;loadingURI&quot;:&quot;file:/C:/Ambuj_Study_QA/eNexusGlobal_WS/RestAssuredMarketingAPIFramework/target/test-classes/LoginSchema.json#&quot;,&quot;pointer&quot;:&quot;/properties/data&quot;}
    instance: {&quot;pointer&quot;:&quot;/data&quot;}
    domain: &quot;validation&quot;
    keyword: &quot;type&quot;
    found: &quot;null&quot;
    expected: [&quot;object&quot;]

  Actual: {&quot;code&quot;:1,&quot;message&quot;:&quot;invalid username or password&quot;,&quot;data&quot;:null}
" type="java.lang.AssertionError">
      <![CDATA[java.lang.AssertionError: 1 expectation failed.
Response body doesn't match expectation.
Expected: The content to match the given JSON schema.
error: instance type (null) does not match any allowed primitive type (allowed: ["object"])
    level: "error"
    schema: {"loadingURI":"file:/C:/Ambuj_Study_QA/eNexusGlobal_WS/RestAssuredMarketingAPIFramework/target/test-classes/LoginSchema.json#","pointer":"/properties/data"}
    instance: {"pointer":"/data"}
    domain: "validation"
    keyword: "type"
    found: "null"
    expected: ["object"]

  Actual: {"code":1,"message":"invalid username or password","data":null}

at java.base/jdk.internal.reflect.NativeConstructorAccessorImpl.newInstance0(Native Method)
at java.base/jdk.internal.reflect.NativeConstructorAccessorImpl.newInstance(NativeConstructorAccessorImpl.java:62)
at java.base/jdk.internal.reflect.DelegatingConstructorAccessorImpl.newInstance(DelegatingConstructorAccessorImpl.java:45)
at java.base/java.lang.reflect.Constructor.newInstance(Constructor.java:490)
at org.codehaus.groovy.reflection.CachedConstructor.invoke(CachedConstructor.java:72)
at org.codehaus.groovy.reflection.CachedConstructor.doConstructorInvoke(CachedConstructor.java:59)
at org.codehaus.groovy.runtime.callsite.ConstructorSite$ConstructorSiteNoUnwrap.callConstructor(ConstructorSite.java:84)
at org.codehaus.groovy.runtime.callsite.CallSiteArray.defaultCallConstructor(CallSiteArray.java:59)
at org.codehaus.groovy.runtime.callsite.AbstractCallSite.callConstructor(AbstractCallSite.java:263)
at org.codehaus.groovy.runtime.callsite.AbstractCallSite.callConstructor(AbstractCallSite.java:277)
at io.restassured.internal.ResponseSpecificationImpl$HamcrestAssertionClosure.validate(ResponseSpecificationImpl.groovy:499)
at io.restassured.internal.ResponseSpecificationImpl$HamcrestAssertionClosure$validate$1.call(Unknown Source)
at io.restassured.internal.ResponseSpecificationImpl.validateResponseIfRequired(ResponseSpecificationImpl.groovy:684)
at java.base/jdk.internal.reflect.NativeMethodAccessorImpl.invoke0(Native Method)
at java.base/jdk.internal.reflect.NativeMethodAccessorImpl.invoke(NativeMethodAccessorImpl.java:62)
at java.base/jdk.internal.reflect.DelegatingMethodAccessorImpl.invoke(DelegatingMethodAccessorImpl.java:43)
at java.base/java.lang.reflect.Method.invoke(Method.java:566)
at org.codehaus.groovy.runtime.callsite.PlainObjectMetaMethodSite.doInvoke(PlainObjectMetaMethodSite.java:43)
at org.codehaus.groovy.runtime.callsite.PogoMetaMethodSite$PogoCachedMethodSiteNoUnwrapNoCoerce.invoke(PogoMetaMethodSite.java:193)
at org.codehaus.groovy.runtime.callsite.PogoMetaMethodSite.callCurrent(PogoMetaMethodSite.java:61)
at org.codehaus.groovy.runtime.callsite.CallSiteArray.defaultCallCurrent(CallSiteArray.java:51)
at org.codehaus.groovy.runtime.callsite.AbstractCallSite.callCurrent(AbstractCallSite.java:171)
at org.codehaus.groovy.runtime.callsite.AbstractCallSite.callCurrent(AbstractCallSite.java:185)
at io.restassured.internal.ResponseSpecificationImpl.body(ResponseSpecificationImpl.groovy:99)
at io.restassured.internal.ValidatableResponseOptionsImpl.body(ValidatableResponseOptionsImpl.java:238)
at io.restassured.internal.ValidatableResponseImpl.super$2$body(ValidatableResponseImpl.groovy)
at java.base/jdk.internal.reflect.NativeMethodAccessorImpl.invoke0(Native Method)
at java.base/jdk.internal.reflect.NativeMethodAccessorImpl.invoke(NativeMethodAccessorImpl.java:62)
at java.base/jdk.internal.reflect.DelegatingMethodAccessorImpl.invoke(DelegatingMethodAccessorImpl.java:43)
at java.base/java.lang.reflect.Method.invoke(Method.java:566)
at org.codehaus.groovy.reflection.CachedMethod.invoke(CachedMethod.java:107)
at groovy.lang.MetaMethod.doMethodInvoke(MetaMethod.java:323)
at groovy.lang.MetaClassImpl.invokeMethod(MetaClassImpl.java:1268)
at org.codehaus.groovy.runtime.ScriptBytecodeAdapter.invokeMethodOnSuperN(ScriptBytecodeAdapter.java:144)
at io.restassured.internal.ValidatableResponseImpl.body(ValidatableResponseImpl.groovy:293)
at io.restassured.internal.ValidatableResponseImpl.body(ValidatableResponseImpl.groovy)
at com.restassured.apiendtoendtest.AppsLoveWorldAPITestScript.LoginAPITC2(AppsLoveWorldAPITestScript.java:50)
at java.base/jdk.internal.reflect.NativeMethodAccessorImpl.invoke0(Native Method)
at java.base/jdk.internal.reflect.NativeMethodAccessorImpl.invoke(NativeMethodAccessorImpl.java:62)
at java.base/jdk.internal.reflect.DelegatingMethodAccessorImpl.invoke(DelegatingMethodAccessorImpl.java:43)
at java.base/java.lang.reflect.Method.invoke(Method.java:566)
at org.testng.internal.invokers.MethodInvocationHelper.invokeMethod(MethodInvocationHelper.java:139)
at org.testng.internal.invokers.TestInvoker.invokeMethod(TestInvoker.java:677)
at org.testng.internal.invokers.TestInvoker.invokeTestMethod(TestInvoker.java:221)
at org.testng.internal.invokers.MethodRunner.runInSequence(MethodRunner.java:50)
at org.testng.internal.invokers.TestInvoker$MethodInvocationAgent.invoke(TestInvoker.java:962)
at org.testng.internal.invokers.TestInvoker.invokeTestMethods(TestInvoker.java:194)
at org.testng.internal.invokers.TestMethodWorker.invokeTestMethods(TestMethodWorker.java:148)
at org.testng.internal.invokers.TestMethodWorker.run(TestMethodWorker.java:128)
at java.base/java.util.ArrayList.forEach(ArrayList.java:1541)
at org.testng.TestRunner.privateRun(TestRunner.java:806)
at org.testng.TestRunner.run(TestRunner.java:601)
at org.testng.SuiteRunner.runTest(SuiteRunner.java:433)
at org.testng.SuiteRunner.runSequentially(SuiteRunner.java:427)
at org.testng.SuiteRunner.privateRun(SuiteRunner.java:387)
at org.testng.SuiteRunner.run(SuiteRunner.java:330)
at org.testng.SuiteRunnerWorker.runSuite(SuiteRunnerWorker.java:52)
at org.testng.SuiteRunnerWorker.run(SuiteRunnerWorker.java:95)
at org.testng.TestNG.runSuitesSequentially(TestNG.java:1256)
at org.testng.TestNG.runSuitesLocally(TestNG.java:1176)
at org.testng.TestNG.runSuites(TestNG.java:1099)
at org.testng.TestNG.run(TestNG.java:1067)
at org.testng.remote.AbstractRemoteTestNG.run(AbstractRemoteTestNG.java:115)
at org.testng.remote.RemoteTestNG.initAndRun(RemoteTestNG.java:251)
at org.testng.remote.RemoteTestNG.main(RemoteTestNG.java:77)
]]>
    </failure>
  </testcase> <!-- LoginAPITC2 -->
  <system-out/>
  <testcase classname="com.restassured.apiendtoendtest.AppsLoveWorldAPITestScript" name="deleteUserByIDTC24" time="1.149"/>
  <system-out/>
  <testcase classname="com.restassured.apiendtoendtest.AppsLoveWorldAPITestScript" name="getAllUerTC10" time="1.298"/>
  <system-out/>
  <testcase classname="com.restassured.apiendtoendtest.AppsLoveWorldAPITestScript" name="updateUserNameAndEmailAPITC22" time="1.140"/>
  <system-out/>
  <testcase classname="com.restassured.apiendtoendtest.AppsLoveWorldAPITestScript" name="updateUserNameAPITC18" time="1.114"/>
  <system-out/>
  <testcase classname="com.restassured.apiendtoendtest.AppsLoveWorldAPITestScript" name="createUserDuplicateUserCreationTC8" time="1.203"/>
  <system-out/>
  <testcase classname="com.restassured.apiendtoendtest.AppsLoveWorldAPITestScript" name="getAllUerTC17" time="1.085"/>
  <system-out/>
  <testcase classname="com.restassured.apiendtoendtest.AppsLoveWorldAPITestScript" name="getAllUerTC15" time="1.177"/>
  <system-out/>
  <testcase classname="com.restassured.apiendtoendtest.AppsLoveWorldAPITestScript" name="getAllUerTC14" time="1.125"/>
  <system-out/>
  <testcase classname="com.restassured.apiendtoendtest.AppsLoveWorldAPITestScript" name="getAllUerTC9" time="1.266"/>
  <system-out/>
  <testcase classname="com.restassured.apiendtoendtest.AppsLoveWorldAPITestScript" name="updateUserEmailAPITC19" time="1.101"/>
  <system-out/>
  <testcase classname="com.restassured.apiendtoendtest.AppsLoveWorldAPITestScript" name="getAllUerTC16" time="1.147"/>
  <system-out/>
  <testcase classname="com.restassured.apiendtoendtest.AppsLoveWorldAPITestScript" name="invalidSeverAddressNameTC5" time="0.559"/>
  <system-out/>
  <testcase classname="com.restassured.apiendtoendtest.AppsLoveWorldAPITestScript" name="createUserTC6" time="1.652"/>
  <system-out/>
  <testcase classname="com.restassured.apiendtoendtest.AppsLoveWorldAPITestScript" name="getAllUerTC12" time="1.170"/>
  <system-out/>
</testsuite> <!-- com.restassured.apiendtoendtest.AppsLoveWorldAPITestScript -->
